2009-12-28 09:36:32,633 - Log4JLogChute initialized using file 'velocity.log'
2009-12-28 09:36:32,633 - The version of log4j being used does not support the "trace" level.
2009-12-28 09:36:32,634 - Velocity was not initialized! Calling init()...
2009-12-28 09:36:32,634 - *******************************************************************
2009-12-28 09:36:32,634 - Starting Apache Velocity v1.5 (compiled: 2007-02-22 08:52:29)
2009-12-28 09:36:32,634 - RuntimeInstance initializing.
2009-12-28 09:36:32,634 - Default Properties File: org/apache/velocity/runtime/defaults/velocity.properties
2009-12-28 09:36:32,634 - Trying to use logger class org.apache.velocity.runtime.log.AvalonLogChute
2009-12-28 09:36:32,634 - Couldn't find class org.apache.velocity.runtime.log.AvalonLogChute or necessary supporting classes in classpath.
java.lang.NoClassDefFoundError: org/apache/log/format/Formatter
	at java.lang.Class.forName0(Native Method)
	at java.lang.Class.forName(Class.java:247)
	at org.apache.velocity.util.ClassUtils.getClass(ClassUtils.java:63)
	at org.apache.velocity.util.ClassUtils.getNewInstance(ClassUtils.java:95)
	at org.apache.velocity.runtime.log.LogManager.createLogChute(LogManager.java:147)
	at org.apache.velocity.runtime.log.LogManager.updateLog(LogManager.java:208)
	at org.apache.velocity.runtime.RuntimeInstance.initializeLog(RuntimeInstance.java:728)
	at org.apache.velocity.runtime.RuntimeInstance.init(RuntimeInstance.java:240)
	at org.apache.velocity.runtime.RuntimeInstance.parse(RuntimeInstance.java:993)
	at org.apache.velocity.runtime.RuntimeInstance.parse(RuntimeInstance.java:972)
	at org.apache.velocity.runtime.RuntimeSingleton.parse(RuntimeSingleton.java:265)
	at org.apache.velocity.app.Velocity.evaluate(Velocity.java:274)
	at org.apache.velocity.app.Velocity.evaluate(Velocity.java:195)
	at com.atlassian.confluence.servlet.simpledisplay.ConvertedPath.getPath(ConvertedPath.java:41)
	at com.atlassian.confluence.servlet.simpledisplay.SimpleDisplayServlet.parsePath(SimpleDisplayServlet.java:96)
	at com.atlassian.confluence.servlet.simpledisplay.SimpleDisplayServlet.service(SimpleDisplayServlet.java:54)
	at com.atlassian.confluence.servlet.SpringManagedServlet.service(SpringManagedServlet.java:64)
	at javax.servlet.http.HttpServlet.service(HttpServlet.java:803)
	at org.apache.catalina.core.ApplicationFilterChain.internalDoFilter(ApplicationFilterChain.java:269)
	at org.apache.catalina.core.ApplicationFilterChain.doFilter(ApplicationFilterChain.java:188)
	at com.opensymphony.module.sitemesh.filter.PageFilter.parsePage(PageFilter.java:118)
	at com.atlassian.confluence.util.profiling.ProfilingPageFilter.parsePage(ProfilingPageFilter.java:153)
	at com.opensymphony.module.sitemesh.filter.PageFilter.doFilter(PageFilter.java:54)
	at org.apache.catalina.core.ApplicationFilterChain.internalDoFilter(ApplicationFilterChain.java:215)
	at org.apache.catalina.core.ApplicationFilterChain.doFilter(ApplicationFilterChain.java:188)
	at com.atlassian.confluence.jmx.JmxFilter.doFilter(JmxFilter.java:109)
	at org.apache.catalina.core.ApplicationFilterChain.internalDoFilter(ApplicationFilterChain.java:215)
	at org.apache.catalina.core.ApplicationFilterChain.doFilter(ApplicationFilterChain.java:188)
	at com.atlassian.core.filters.ServletContextThreadLocalFilter.doFilter(ServletContextThreadLocalFilter.java:21)
	at org.apache.catalina.core.ApplicationFilterChain.internalDoFilter(ApplicationFilterChain.java:215)
	at org.apache.catalina.core.ApplicationFilterChain.doFilter(ApplicationFilterChain.java:188)
	at com.atlassian.confluence.util.LoggingContextFilter.doFilter(LoggingContextFilter.java:49)
	at org.apache.catalina.core.ApplicationFilterChain.internalDoFilter(ApplicationFilterChain.java:215)
	at org.apache.catalina.core.ApplicationFilterChain.doFilter(ApplicationFilterChain.java:188)
	at com.atlassian.confluence.util.UserThreadLocalFilter.doFilter(UserThreadLocalFilter.java:44)
	at org.apache.catalina.core.ApplicationFilterChain.internalDoFilter(ApplicationFilterChain.java:215)
	at org.apache.catalina.core.ApplicationFilterChain.doFilter(ApplicationFilterChain.java:188)
	at com.atlassian.seraph.filter.SecurityFilter.doFilter(SecurityFilter.java:192)
	at org.apache.catalina.core.ApplicationFilterChain.internalDoFilter(ApplicationFilterChain.java:215)
	at org.apache.catalina.core.ApplicationFilterChain.doFilter(ApplicationFilterChain.java:188)
	at com.atlassian.seraph.filter.TrustedApplicationsFilter.doFilter(TrustedApplicationsFilter.java:120)
	at com.atlassian.confluence.util.AbstractBootstrapHotSwappingFilter.doFilter(AbstractBootstrapHotSwappingFilter.java:28)
	at org.apache.catalina.core.ApplicationFilterChain.internalDoFilter(ApplicationFilterChain.java:215)
	at org.apache.catalina.core.ApplicationFilterChain.doFilter(ApplicationFilterChain.java:188)
	at com.atlassian.seraph.filter.BaseLoginFilter.doFilter(BaseLoginFilter.java:125)
	at org.apache.catalina.core.ApplicationFilterChain.internalDoFilter(ApplicationFilterChain.java:215)
	at org.apache.catalina.core.ApplicationFilterChain.doFilter(ApplicationFilterChain.java:188)
	at com.atlassian.confluence.util.ClusterHeaderFilter.doFilter(ClusterHeaderFilter.java:35)
	at org.apache.catalina.core.ApplicationFilterChain.internalDoFilter(ApplicationFilterChain.java:215)
	at org.apache.catalina.core.ApplicationFilterChain.doFilter(ApplicationFilterChain.java:188)
	at com.atlassian.johnson.filters.AbstractJohnsonFilter.doFilter(AbstractJohnsonFilter.java:72)
	at org.apache.catalina.core.ApplicationFilterChain.internalDoFilter(ApplicationFilterChain.java:215)
	at org.apache.catalina.core.ApplicationFilterChain.doFilter(ApplicationFilterChain.java:188)
	at org.springframework.orm.hibernate.support.OpenSessionInViewFilter.doFilterInternal(OpenSessionInViewFilter.java:170)
	at com.atlassian.spring.filter.FlushingSpringSessionInViewFilter.doFilterInternal(FlushingSpringSessionInViewFilter.java:29)
	at org.springframework.web.filter.OncePerRequestFilter.doFilter(OncePerRequestFilter.java:75)
	at org.apache.catalina.core.ApplicationFilterChain.internalDoFilter(ApplicationFilterChain.java:215)
	at org.apache.catalina.core.ApplicationFilterChain.doFilter(ApplicationFilterChain.java:188)
	at com.atlassian.util.profiling.filters.ProfilingFilter.doFilter(ProfilingFilter.java:142)
	at com.atlassian.core.filters.ProfilingAndErrorFilter.doFilter(ProfilingAndErrorFilter.java:27)
	at org.apache.catalina.core.ApplicationFilterChain.internalDoFilter(ApplicationFilterChain.java:215)
	at org.apache.catalina.core.ApplicationFilterChain.doFilter(ApplicationFilterChain.java:188)
	at com.atlassian.confluence.core.datetime.RequestTimeThreadLocalFilter.doFilter(RequestTimeThreadLocalFilter.java:34)
	at org.apache.catalina.core.ApplicationFilterChain.internalDoFilter(ApplicationFilterChain.java:215)
	at org.apache.catalina.core.ApplicationFilterChain.doFilter(ApplicationFilterChain.java:188)
	at com.atlassian.confluence.util.RequestCacheThreadLocalFilter.doFilter(RequestCacheThreadLocalFilter.java:25)
	at org.apache.catalina.core.ApplicationFilterChain.internalDoFilter(ApplicationFilterChain.java:215)
	at org.apache.catalina.core.ApplicationFilterChain.doFilter(ApplicationFilterChain.java:188)
	at com.atlassian.gzipfilter.GzipFilter.doFilterInternal(GzipFilter.java:94)
	at com.atlassian.gzipfilter.GzipFilter.doFilter(GzipFilter.java:64)
	at org.apache.catalina.core.ApplicationFilterChain.internalDoFilter(ApplicationFilterChain.java:215)
	at org.apache.catalina.core.ApplicationFilterChain.doFilter(ApplicationFilterChain.java:188)
	at com.atlassian.core.filters.AbstractEncodingFilter.doFilter(AbstractEncodingFilter.java:33)
	at org.apache.catalina.core.ApplicationFilterChain.internalDoFilter(ApplicationFilterChain.java:215)
	at org.apache.catalina.core.ApplicationFilterChain.doFilter(ApplicationFilterChain.java:188)
	at org.apache.catalina.core.StandardWrapperValve.invoke(StandardWrapperValve.java:210)
	at org.apache.catalina.core.StandardContextValve.invoke(StandardContextValve.java:174)
	at org.apache.catalina.core.StandardHostValve.invoke(StandardHostValve.java:127)
	at org.apache.catalina.valves.ErrorReportValve.invoke(ErrorReportValve.java:117)
	at org.apache.catalina.valves.AccessLogValve.invoke(AccessLogValve.java:542)
	at org.apache.catalina.core.StandardEngineValve.invoke(StandardEngineValve.java:108)
	at org.apache.catalina.connector.CoyoteAdapter.service(CoyoteAdapter.java:151)
	at org.apache.coyote.http11.Http11Processor.process(Http11Processor.java:870)
	at org.apache.coyote.http11.Http11BaseProtocol$Http11ConnectionHandler.processConnection(Http11BaseProtocol.java:665)
	at org.apache.tomcat.util.net.PoolTcpEndpoint.processSocket(PoolTcpEndpoint.java:528)
	at org.apache.tomcat.util.net.LeaderFollowerWorkerThread.runIt(LeaderFollowerWorkerThread.java:81)
	at org.apache.tomcat.util.threads.ThreadPool$ControlRunnable.run(ThreadPool.java:685)
	at java.lang.Thread.run(Thread.java:619)
Caused by: java.lang.ClassNotFoundException: org.apache.log.format.Formatter
	at org.apache.catalina.loader.WebappClassLoader.loadClass(WebappClassLoader.java:1359)
	at org.apache.catalina.loader.WebappClassLoader.loadClass(WebappClassLoader.java:1205)
	at java.lang.ClassLoader.loadClassInternal(ClassLoader.java:320)
	... 88 more
2009-12-28 09:36:32,639 - Trying to use logger class org.apache.velocity.runtime.log.Log4JLogChute
2009-12-28 09:36:32,639 - Using logger class org.apache.velocity.runtime.log.Log4JLogChute
2009-12-28 09:36:32,645 - Default ResourceManager initializing. (class org.apache.velocity.runtime.resource.ResourceManagerImpl)
2009-12-28 09:36:32,646 - ResourceLoader instantiated: org.apache.velocity.runtime.resource.loader.FileResourceLoader
2009-12-28 09:36:32,646 - FileResourceLoader : initialization starting.
2009-12-28 09:36:32,646 - Do unicode file recognition:  false
2009-12-28 09:36:32,646 - FileResourceLoader : adding path '.'
2009-12-28 09:36:32,646 - FileResourceLoader : initialization complete.
2009-12-28 09:36:32,646 - ResourceCache: initialized (class org.apache.velocity.runtime.resource.ResourceCacheImpl)
2009-12-28 09:36:32,646 - Default ResourceManager initialization complete.
2009-12-28 09:36:32,646 - Loaded System Directive: org.apache.velocity.runtime.directive.Literal
2009-12-28 09:36:32,646 - Loaded System Directive: org.apache.velocity.runtime.directive.Macro
2009-12-28 09:36:32,646 - Loaded System Directive: org.apache.velocity.runtime.directive.Parse
2009-12-28 09:36:32,646 - Loaded System Directive: org.apache.velocity.runtime.directive.Include
2009-12-28 09:36:32,646 - Loaded System Directive: org.apache.velocity.runtime.directive.Foreach
2009-12-28 09:36:32,649 - Created '20' parsers.
2009-12-28 09:36:32,650 - Velocimacro : initialization starting.
2009-12-28 09:36:32,650 - Velocimacro : "velocimacro.library" is not set.  Trying default library: VM_global_library.vm
2009-12-28 09:36:32,650 - Velocimacro : Default library not found.
2009-12-28 09:36:32,650 - Velocimacro : allowInline = true : VMs can be defined inline in templates
2009-12-28 09:36:32,650 - Velocimacro : allowInlineToOverride = false : VMs defined inline may NOT replace previous VM definitions
2009-12-28 09:36:32,650 - Velocimacro : allowInlineLocal = false : VMs defined inline will be global in scope if allowed.
2009-12-28 09:36:32,650 - Velocimacro : autoload off : VM system will not automatically reload global library macros
2009-12-28 09:36:32,650 - Velocimacro : Velocimacro : initialization complete.
2009-12-28 09:36:32,650 - RuntimeInstance successfully initialized.
